<?xml version="1.0" encoding="UTF-8"?>
<coverage generated="1659164494590" clover="3.2.0">
  <project timestamp="1659164494590" name="All files">
    <metrics statements="28" coveredstatements="27" conditionals="11" coveredconditionals="10" methods="3" coveredmethods="3" elements="42" coveredelements="40" complexity="0" loc="28" ncloc="28" packages="1" files="1" classes="1"/>
    <file name="genDiff.js" path="/home/bogdan/frontend-project-lvl2/src/genDiff.js">
      <metrics statements="28" coveredstatements="27" conditionals="11" coveredconditionals="10" methods="3" coveredmethods="3"/>
      <line num="5" count="2" type="stmt"/>
      <line num="6" count="2" type="stmt"/>
      <line num="7" count="2" type="stmt"/>
      <line num="9" count="2" type="stmt"/>
      <line num="10" count="2" type="stmt"/>
      <line num="12" count="2" type="stmt"/>
      <line num="13" count="2" type="stmt"/>
      <line num="15" count="2" type="stmt"/>
      <line num="16" count="2" type="stmt"/>
      <line num="17" count="2" type="stmt"/>
      <line num="19" count="2" type="stmt"/>
      <line num="20" count="10" type="cond" truecount="2" falsecount="0"/>
      <line num="21" count="2" type="stmt"/>
      <line num="23" count="8" type="cond" truecount="2" falsecount="0"/>
      <line num="24" count="4" type="stmt"/>
      <line num="26" count="4" type="cond" truecount="2" falsecount="0"/>
      <line num="27" count="2" type="stmt"/>
      <line num="29" count="2" type="stmt"/>
      <line num="34" count="2" type="stmt"/>
      <line num="36" count="10" type="cond" truecount="4" falsecount="1"/>
      <line num="38" count="2" type="stmt"/>
      <line num="40" count="4" type="stmt"/>
      <line num="42" count="2" type="stmt"/>
      <line num="44" count="2" type="stmt"/>
      <line num="46" count="0" type="stmt"/>
      <line num="51" count="2" type="stmt"/>
      <line num="53" count="2" type="stmt"/>
      <line num="55" count="2" type="stmt"/>
    </file>
  </project>
</coverage>
