{"/home/bogdan/frontend-project-lvl2/src/genDiff.js": {"path":"/home/bogdan/frontend-project-lvl2/src/genDiff.js","all":false,"statementMap":{"0":{"start":{"line":1,"column":0},"end":{"line":1,"column":23}},"1":{"start":{"line":2,"column":0},"end":{"line":2,"column":29}},"2":{"start":{"line":3,"column":0},"end":{"line":3,"column":25}},"3":{"start":{"line":4,"column":0},"end":{"line":4,"column":0}},"4":{"start":{"line":5,"column":0},"end":{"line":5,"column":43}},"5":{"start":{"line":6,"column":0},"end":{"line":6,"column":63}},"6":{"start":{"line":7,"column":0},"end":{"line":7,"column":63}},"7":{"start":{"line":8,"column":0},"end":{"line":8,"column":0}},"8":{"start":{"line":9,"column":0},"end":{"line":9,"column":47}},"9":{"start":{"line":10,"column":0},"end":{"line":10,"column":47}},"10":{"start":{"line":11,"column":0},"end":{"line":11,"column":0}},"11":{"start":{"line":12,"column":0},"end":{"line":12,"column":37}},"12":{"start":{"line":13,"column":0},"end":{"line":13,"column":37}},"13":{"start":{"line":14,"column":0},"end":{"line":14,"column":0}},"14":{"start":{"line":15,"column":0},"end":{"line":15,"column":45}},"15":{"start":{"line":16,"column":0},"end":{"line":16,"column":45}},"16":{"start":{"line":17,"column":0},"end":{"line":17,"column":51}},"17":{"start":{"line":18,"column":0},"end":{"line":18,"column":0}},"18":{"start":{"line":19,"column":0},"end":{"line":19,"column":40}},"19":{"start":{"line":20,"column":0},"end":{"line":20,"column":42}},"20":{"start":{"line":21,"column":0},"end":{"line":21,"column":62}},"21":{"start":{"line":22,"column":0},"end":{"line":22,"column":5}},"22":{"start":{"line":23,"column":0},"end":{"line":23,"column":38}},"23":{"start":{"line":24,"column":0},"end":{"line":24,"column":60}},"24":{"start":{"line":25,"column":0},"end":{"line":25,"column":5}},"25":{"start":{"line":26,"column":0},"end":{"line":26,"column":38}},"26":{"start":{"line":27,"column":0},"end":{"line":27,"column":58}},"27":{"start":{"line":28,"column":0},"end":{"line":28,"column":5}},"28":{"start":{"line":29,"column":0},"end":{"line":29,"column":12}},"29":{"start":{"line":30,"column":0},"end":{"line":30,"column":73}},"30":{"start":{"line":31,"column":0},"end":{"line":31,"column":6}},"31":{"start":{"line":32,"column":0},"end":{"line":32,"column":5}},"32":{"start":{"line":33,"column":0},"end":{"line":33,"column":0}},"33":{"start":{"line":34,"column":0},"end":{"line":34,"column":40}},"34":{"start":{"line":35,"column":0},"end":{"line":35,"column":19}},"35":{"start":{"line":36,"column":0},"end":{"line":36,"column":25}},"36":{"start":{"line":37,"column":0},"end":{"line":37,"column":25}},"37":{"start":{"line":38,"column":0},"end":{"line":38,"column":48}},"38":{"start":{"line":39,"column":0},"end":{"line":39,"column":23}},"39":{"start":{"line":40,"column":0},"end":{"line":40,"column":48}},"40":{"start":{"line":41,"column":0},"end":{"line":41,"column":21}},"41":{"start":{"line":42,"column":0},"end":{"line":42,"column":48}},"42":{"start":{"line":43,"column":0},"end":{"line":43,"column":23}},"43":{"start":{"line":44,"column":0},"end":{"line":44,"column":84}},"44":{"start":{"line":45,"column":0},"end":{"line":45,"column":16}},"45":{"start":{"line":46,"column":0},"end":{"line":46,"column":77}},"46":{"start":{"line":47,"column":0},"end":{"line":47,"column":7}},"47":{"start":{"line":48,"column":0},"end":{"line":48,"column":6}},"48":{"start":{"line":49,"column":0},"end":{"line":49,"column":12}},"49":{"start":{"line":50,"column":0},"end":{"line":50,"column":0}},"50":{"start":{"line":51,"column":0},"end":{"line":51,"column":63}},"51":{"start":{"line":52,"column":0},"end":{"line":52,"column":0}},"52":{"start":{"line":53,"column":0},"end":{"line":53,"column":22}},"53":{"start":{"line":54,"column":0},"end":{"line":54,"column":0}},"54":{"start":{"line":55,"column":0},"end":{"line":55,"column":16}},"55":{"start":{"line":56,"column":0},"end":{"line":56,"column":2}},"56":{"start":{"line":57,"column":0},"end":{"line":57,"column":0}},"57":{"start":{"line":58,"column":0},"end":{"line":58,"column":23}}},"s":{"0":1,"1":1,"2":1,"3":1,"4":1,"5":1,"6":1,"7":1,"8":1,"9":1,"10":1,"11":1,"12":1,"13":1,"14":1,"15":1,"16":1,"17":1,"18":1,"19":5,"20":1,"21":1,"22":5,"23":2,"24":2,"25":5,"26":1,"27":1,"28":1,"29":1,"30":1,"31":1,"32":1,"33":1,"34":1,"35":5,"36":5,"37":5,"38":5,"39":5,"40":5,"41":5,"42":5,"43":5,"44":5,"45":5,"46":5,"47":5,"48":1,"49":1,"50":1,"51":1,"52":1,"53":1,"54":1,"55":1,"56":1,"57":1},"branchMap":{"0":{"type":"branch","line":5,"loc":{"start":{"line":5,"column":16},"end":{"line":56,"column":2}},"locations":[{"start":{"line":5,"column":16},"end":{"line":56,"column":2}}]},"1":{"type":"branch","line":19,"loc":{"start":{"line":19,"column":31},"end":{"line":32,"column":5}},"locations":[{"start":{"line":19,"column":31},"end":{"line":32,"column":5}}]},"2":{"type":"branch","line":20,"loc":{"start":{"line":20,"column":41},"end":{"line":22,"column":5}},"locations":[{"start":{"line":20,"column":41},"end":{"line":22,"column":5}}]},"3":{"type":"branch","line":23,"loc":{"start":{"line":23,"column":-1},"end":{"line":23,"column":8}},"locations":[{"start":{"line":23,"column":-1},"end":{"line":23,"column":8}}]},"4":{"type":"branch","line":23,"loc":{"start":{"line":23,"column":37},"end":{"line":26,"column":8}},"locations":[{"start":{"line":23,"column":37},"end":{"line":26,"column":8}}]},"5":{"type":"branch","line":26,"loc":{"start":{"line":26,"column":37},"end":{"line":32,"column":5}},"locations":[{"start":{"line":26,"column":37},"end":{"line":32,"column":5}}]},"6":{"type":"branch","line":35,"loc":{"start":{"line":35,"column":10},"end":{"line":48,"column":6}},"locations":[{"start":{"line":35,"column":10},"end":{"line":48,"column":6}}]},"7":{"type":"branch","line":37,"loc":{"start":{"line":37,"column":8},"end":{"line":38,"column":18}},"locations":[{"start":{"line":37,"column":8},"end":{"line":38,"column":18}}]},"8":{"type":"branch","line":39,"loc":{"start":{"line":39,"column":8},"end":{"line":40,"column":18}},"locations":[{"start":{"line":39,"column":8},"end":{"line":40,"column":18}}]},"9":{"type":"branch","line":41,"loc":{"start":{"line":41,"column":8},"end":{"line":42,"column":18}},"locations":[{"start":{"line":41,"column":8},"end":{"line":42,"column":18}}]},"10":{"type":"branch","line":43,"loc":{"start":{"line":43,"column":8},"end":{"line":44,"column":17}},"locations":[{"start":{"line":43,"column":8},"end":{"line":44,"column":17}}]},"11":{"type":"branch","line":45,"loc":{"start":{"line":45,"column":8},"end":{"line":46,"column":17}},"locations":[{"start":{"line":45,"column":8},"end":{"line":46,"column":17}}]}},"b":{"0":[1],"1":[5],"2":[1],"3":[4],"4":[2],"5":[1],"6":[5],"7":[1],"8":[2],"9":[1],"10":[1],"11":[0]},"fnMap":{"0":{"name":"genDiff","decl":{"start":{"line":5,"column":16},"end":{"line":56,"column":2}},"loc":{"start":{"line":5,"column":16},"end":{"line":56,"column":2}},"line":5}},"f":{"0":1}}
}
