{"/home/bogdan/frontend-project-lvl2/src/genDiff.js": {"path":"/home/bogdan/frontend-project-lvl2/src/genDiff.js","statementMap":{"0":{"start":{"line":5,"column":16},"end":{"line":56,"column":1}},"1":{"start":{"line":6,"column":24},"end":{"line":6,"column":62}},"2":{"start":{"line":7,"column":24},"end":{"line":7,"column":62}},"3":{"start":{"line":9,"column":16},"end":{"line":9,"column":46}},"4":{"start":{"line":10,"column":16},"end":{"line":10,"column":46}},"5":{"start":{"line":12,"column":19},"end":{"line":12,"column":36}},"6":{"start":{"line":13,"column":19},"end":{"line":13,"column":36}},"7":{"start":{"line":15,"column":16},"end":{"line":15,"column":44}},"8":{"start":{"line":16,"column":16},"end":{"line":16,"column":44}},"9":{"start":{"line":17,"column":15},"end":{"line":17,"column":50}},"10":{"start":{"line":19,"column":21},"end":{"line":32,"column":4}},"11":{"start":{"line":20,"column":4},"end":{"line":22,"column":5}},"12":{"start":{"line":21,"column":6},"end":{"line":21,"column":62}},"13":{"start":{"line":23,"column":4},"end":{"line":25,"column":5}},"14":{"start":{"line":24,"column":6},"end":{"line":24,"column":60}},"15":{"start":{"line":26,"column":4},"end":{"line":28,"column":5}},"16":{"start":{"line":27,"column":6},"end":{"line":27,"column":58}},"17":{"start":{"line":29,"column":4},"end":{"line":31,"column":6}},"18":{"start":{"line":34,"column":30},"end":{"line":49,"column":11}},"19":{"start":{"line":36,"column":6},"end":{"line":47,"column":7}},"20":{"start":{"line":38,"column":10},"end":{"line":38,"column":48}},"21":{"start":{"line":40,"column":10},"end":{"line":40,"column":48}},"22":{"start":{"line":42,"column":10},"end":{"line":42,"column":48}},"23":{"start":{"line":44,"column":10},"end":{"line":44,"column":84}},"24":{"start":{"line":46,"column":10},"end":{"line":46,"column":77}},"25":{"start":{"line":51,"column":17},"end":{"line":51,"column":62}},"26":{"start":{"line":53,"column":2},"end":{"line":53,"column":21}},"27":{"start":{"line":55,"column":2},"end":{"line":55,"column":16}}},"fnMap":{"0":{"name":"(anonymous_0)","decl":{"start":{"line":5,"column":16},"end":{"line":5,"column":17}},"loc":{"start":{"line":5,"column":42},"end":{"line":56,"column":1}},"line":5},"1":{"name":"(anonymous_1)","decl":{"start":{"line":19,"column":30},"end":{"line":19,"column":31}},"loc":{"start":{"line":19,"column":39},"end":{"line":32,"column":3}},"line":19},"2":{"name":"(anonymous_2)","decl":{"start":{"line":35,"column":9},"end":{"line":35,"column":10}},"loc":{"start":{"line":35,"column":18},"end":{"line":48,"column":5}},"line":35}},"branchMap":{"0":{"loc":{"start":{"line":20,"column":4},"end":{"line":22,"column":5}},"type":"if","locations":[{"start":{"line":20,"column":4},"end":{"line":22,"column":5}},{"start":{},"end":{}}],"line":20},"1":{"loc":{"start":{"line":23,"column":4},"end":{"line":25,"column":5}},"type":"if","locations":[{"start":{"line":23,"column":4},"end":{"line":25,"column":5}},{"start":{},"end":{}}],"line":23},"2":{"loc":{"start":{"line":26,"column":4},"end":{"line":28,"column":5}},"type":"if","locations":[{"start":{"line":26,"column":4},"end":{"line":28,"column":5}},{"start":{},"end":{}}],"line":26},"3":{"loc":{"start":{"line":36,"column":6},"end":{"line":47,"column":7}},"type":"switch","locations":[{"start":{"line":37,"column":8},"end":{"line":38,"column":48}},{"start":{"line":39,"column":8},"end":{"line":40,"column":48}},{"start":{"line":41,"column":8},"end":{"line":42,"column":48}},{"start":{"line":43,"column":8},"end":{"line":44,"column":84}},{"start":{"line":45,"column":8},"end":{"line":46,"column":77}}],"line":36}},"s":{"0":2,"1":2,"2":2,"3":2,"4":2,"5":2,"6":2,"7":2,"8":2,"9":2,"10":2,"11":10,"12":2,"13":8,"14":4,"15":4,"16":2,"17":2,"18":2,"19":10,"20":2,"21":4,"22":2,"23":2,"24":0,"25":2,"26":2,"27":2},"f":{"0":2,"1":10,"2":10},"b":{"0":[2,8],"1":[4,4],"2":[2,2],"3":[2,4,2,2,0]},"_coverageSchema":"1a1c01bbd47fc00a2c39e90264f33305004495a9","hash":"52f88ba68a2b6b10698d8e75cc9dc47ac7e2b63c"}
}
