TN:
SF:src/genDiff.js
FN:5,(anonymous_0)
FN:19,(anonymous_1)
FN:35,(anonymous_2)
FNF:3
FNH:3
FNDA:2,(anonymous_0)
FNDA:10,(anonymous_1)
FNDA:10,(anonymous_2)
DA:5,2
DA:6,2
DA:7,2
DA:9,2
DA:10,2
DA:12,2
DA:13,2
DA:15,2
DA:16,2
DA:17,2
DA:19,2
DA:20,10
DA:21,2
DA:23,8
DA:24,4
DA:26,4
DA:27,2
DA:29,2
DA:34,2
DA:36,10
DA:38,2
DA:40,4
DA:42,2
DA:44,2
DA:46,0
DA:51,2
DA:53,2
DA:55,2
LF:28
LH:27
BRDA:20,0,0,2
BRDA:20,0,1,8
BRDA:23,1,0,4
BRDA:23,1,1,4
BRDA:26,2,0,2
BRDA:26,2,1,2
BRDA:36,3,0,2
BRDA:36,3,1,4
BRDA:36,3,2,2
BRDA:36,3,3,2
BRDA:36,3,4,0
BRF:11
BRH:10
end_of_record
