TN:
SF:src/genDiff.js
FN:5,genDiff
FNF:1
FNH:1
FNDA:1,genDiff
DA:1,1
DA:2,1
DA:3,1
DA:4,1
DA:5,1
DA:6,1
DA:7,1
DA:8,1
DA:9,1
DA:10,1
DA:11,1
DA:12,1
DA:13,1
DA:14,1
DA:15,1
DA:16,1
DA:17,1
DA:18,1
DA:19,1
DA:20,5
DA:21,1
DA:22,1
DA:23,5
DA:24,2
DA:25,2
DA:26,5
DA:27,1
DA:28,1
DA:29,1
DA:30,1
DA:31,1
DA:32,1
DA:33,1
DA:34,1
DA:35,1
DA:36,5
DA:37,5
DA:38,5
DA:39,5
DA:40,5
DA:41,5
DA:42,5
DA:43,5
DA:44,5
DA:45,5
DA:46,5
DA:47,5
DA:48,5
DA:49,1
DA:50,1
DA:51,1
DA:52,1
DA:53,1
DA:54,1
DA:55,1
DA:56,1
DA:57,1
DA:58,1
LF:58
LH:58
BRDA:5,0,0,1
BRDA:19,1,0,5
BRDA:20,2,0,1
BRDA:23,3,0,4
BRDA:23,4,0,2
BRDA:26,5,0,1
BRDA:35,6,0,5
BRDA:37,7,0,1
BRDA:39,8,0,2
BRDA:41,9,0,1
BRDA:43,10,0,1
BRDA:45,11,0,0
BRF:12
BRH:11
end_of_record
